<?xml version="1.0" encoding="UTF-8"?>
<!-- Generated by org.testng.reporters.JUnitReportReporter -->
<testsuite hostname="Susmita" failures="0" tests="2" name="mvn4.Test1" time="0.337" errors="0" timestamp="2024-12-15T12:04:39 IST" skipped="0">
  <testcase classname="mvn4.Test1" name="test1" time="0.333"/>
  <testcase classname="mvn4.Test1" name="test2" time="0.004"/>
</testsuite> <!-- mvn4.Test1 -->
